<?xml version="1.0" encoding="UTF-8"?>
<testsuite xmlns:xsi="http://www.w3.org/2001/XMLSchema-instance" xsi:noNamespaceSchemaLocation="https://maven.apache.org/surefire/maven-surefire-plugin/xsd/surefire-test-report.xsd" name="ir.magfa.sdk.farhadi.Test" time="0.004" tests="0" errors="0" skipped="0" failures="0">
  <properties>
    <property name="sun.desktop" value="windows"/>
    <property name="awt.toolkit" value="sun.awt.windows.WToolkit"/>
    <property name="file.encoding.pkg" value="sun.io"/>
    <property name="java.specification.version" value="1.8"/>
    <property name="sun.cpu.isalist" value="amd64"/>
    <property name="sun.jnu.encoding" value="Cp1252"/>
    <property name="java.class.path" value="K:\code\java\sdk\trunk\target\test-classes;K:\code\java\sdk\trunk\target\classes;C:\Users\m_kaji\.m2\repository\org\jbpm\jbpm-human-task-jpa\7.2.0.Final\jbpm-human-task-jpa-7.2.0.Final.jar;C:\Users\m_kaji\.m2\repository\org\drools\drools-persistence-api\7.2.0.Final\drools-persistence-api-7.2.0.Final.jar;C:\Users\m_kaji\.m2\repository\org\drools\drools-compiler\7.2.0.Final\drools-compiler-7.2.0.Final.jar;C:\Users\m_kaji\.m2\repository\org\antlr\antlr-runtime\3.5.2\antlr-runtime-3.5.2.jar;C:\Users\m_kaji\.m2\repository\org\eclipse\jdt\core\compiler\ecj\4.4.2\ecj-4.4.2.jar;C:\Users\m_kaji\.m2\repository\com\google\protobuf\protobuf-java\2.6.0\protobuf-java-2.6.0.jar;C:\Users\m_kaji\.m2\repository\org\jboss\spec\javax\transaction\jboss-transaction-api_1.2_spec\1.0.0.Final\jboss-transaction-api_1.2_spec-1.0.0.Final.jar;C:\Users\m_kaji\.m2\repository\org\drools\drools-persistence-jpa\7.2.0.Final\drools-persistence-jpa-7.2.0.Final.jar;C:\Users\m_kaji\.m2\repository\org\drools\drools-core\7.2.0.Final\drools-core-7.2.0.Final.jar;C:\Users\m_kaji\.m2\repository\org\mvel\mvel2\2.3.0.Final\mvel2-2.3.0.Final.jar;C:\Users\m_kaji\.m2\repository\commons-codec\commons-codec\1.10\commons-codec-1.10.jar;C:\Users\m_kaji\.m2\repository\org\jbpm\jbpm-query-jpa\7.2.0.Final\jbpm-query-jpa-7.2.0.Final.jar;C:\Users\m_kaji\.m2\repository\com\fasterxml\jackson\core\jackson-annotations\2.6.2\jackson-annotations-2.6.2.jar;C:\Users\m_kaji\.m2\repository\com\fasterxml\jackson\core\jackson-core\2.6.2\jackson-core-2.6.2.jar;C:\Users\m_kaji\.m2\repository\com\fasterxml\jackson\core\jackson-databind\2.6.2\jackson-databind-2.6.2.jar;C:\Users\m_kaji\.m2\repository\org\hibernate\javax\persistence\hibernate-jpa-2.1-api\1.0.0.Final\hibernate-jpa-2.1-api-1.0.0.Final.jar;C:\Users\m_kaji\.m2\repository\org\kie\kie-api\7.2.0.Final\kie-api-7.2.0.Final.jar;C:\Users\m_kaji\.m2\repository\org\uberfire\uberfire-maven-support\1.2.0.Final\uberfire-maven-support-1.2.0.Final.jar;C:\Users\m_kaji\.m2\repository\org\kie\kie-internal\7.2.0.Final\kie-internal-7.2.0.Final.jar;C:\Users\m_kaji\.m2\repository\org\slf4j\slf4j-api\1.7.7\slf4j-api-1.7.7.jar;C:\Users\m_kaji\.m2\repository\org\codehaus\jackson\jackson-core-asl\1.9.13\jackson-core-asl-1.9.13.jar;C:\Users\m_kaji\.m2\repository\org\javassist\javassist\3.20.0-GA\javassist-3.20.0-GA.jar;C:\Users\m_kaji\.m2\repository\org\apache\commons\commons-lang3\3.8.1\commons-lang3-3.8.1.jar;C:\Users\m_kaji\.m2\repository\org\apache\felix\org.osgi.core\1.0.0\org.osgi.core-1.0.0.jar;C:\Users\m_kaji\.m2\repository\org\kie\server\kie-server-client\7.2.0.Final\kie-server-client-7.2.0.Final.jar;C:\Users\m_kaji\.m2\repository\org\optaplanner\optaplanner-core\7.2.0.Final\optaplanner-core-7.2.0.Final.jar;C:\Users\m_kaji\.m2\repository\org\apache\commons\commons-math3\3.4.1\commons-math3-3.4.1.jar;C:\Users\m_kaji\.m2\repository\com\google\guava\guava\20.0\guava-20.0.jar;C:\Users\m_kaji\.m2\repository\org\reflections\reflections\0.9.10\reflections-0.9.10.jar;C:\Users\m_kaji\.m2\repository\com\google\code\findbugs\annotations\2.0.1\annotations-2.0.1.jar;C:\Users\m_kaji\.m2\repository\com\thoughtworks\xstream\xstream\1.4.9\xstream-1.4.9.jar;C:\Users\m_kaji\.m2\repository\xmlpull\xmlpull\1.1.3.1\xmlpull-1.1.3.1.jar;C:\Users\m_kaji\.m2\repository\xpp3\xpp3_min\1.1.4c\xpp3_min-1.1.4c.jar;C:\Users\m_kaji\.m2\repository\org\kie\kie-dmn-api\7.2.0.Final\kie-dmn-api-7.2.0.Final.jar;C:\Users\m_kaji\.m2\repository\org\kie\kie-dmn-model\7.2.0.Final\kie-dmn-model-7.2.0.Final.jar;C:\Users\m_kaji\.m2\repository\org\kie\server\kie-server-api\7.2.0.Final\kie-server-api-7.2.0.Final.jar;C:\Users\m_kaji\.m2\repository\org\optaplanner\optaplanner-persistence-xstream\7.2.0.Final\optaplanner-persistence-xstream-7.2.0.Final.jar;C:\Users\m_kaji\.m2\repository\org\optaplanner\optaplanner-persistence-common\7.2.0.Final\optaplanner-persistence-common-7.2.0.Final.jar;C:\Users\m_kaji\.m2\repository\org\optaplanner\optaplanner-persistence-jaxb\7.2.0.Final\optaplanner-persistence-jaxb-7.2.0.Final.jar;C:\Users\m_kaji\.m2\repository\org\jboss\spec\javax\xml\bind\jboss-jaxb-api_2.2_spec\1.0.4.Final\jboss-jaxb-api_2.2_spec-1.0.4.Final.jar;C:\Users\m_kaji\.m2\repository\javax\activation\activation\1.1.1\activation-1.1.1.jar;C:\Users\m_kaji\.m2\repository\com\fasterxml\jackson\module\jackson-module-jaxb-annotations\2.6.2\jackson-module-jaxb-annotations-2.6.2.jar;C:\Users\m_kaji\.m2\repository\org\jboss\spec\javax\ws\rs\jboss-jaxrs-api_2.0_spec\1.0.0.Final\jboss-jaxrs-api_2.0_spec-1.0.0.Final.jar;C:\Users\m_kaji\.m2\repository\org\kie\server\kie-server-common\7.2.0.Final\kie-server-common-7.2.0.Final.jar;C:\Users\m_kaji\.m2\repository\org\codehaus\jackson\jackson-xc\1.9.13\jackson-xc-1.9.13.jar;C:\Users\m_kaji\.m2\repository\org\codehaus\jackson\jackson-mapper-asl\1.9.13\jackson-mapper-asl-1.9.13.jar;C:\Users\m_kaji\.m2\repository\org\jboss\spec\javax\jms\jboss-jms-api_2.0_spec\1.0.0.Final\jboss-jms-api_2.0_spec-1.0.0.Final.jar;C:\Users\m_kaji\.m2\repository\com\sun\xml\bind\jaxb-core\2.2.11\jaxb-core-2.2.11.jar;C:\Users\m_kaji\.m2\repository\com\sun\xml\bind\jaxb-impl\2.2.11\jaxb-impl-2.2.11.jar;C:\Users\m_kaji\.m2\repository\org\slf4j\jcl-over-slf4j\1.7.7\jcl-over-slf4j-1.7.7.jar;C:\Users\m_kaji\.m2\repository\com\google\code\gson\gson\2.6.2\gson-2.6.2.jar;C:\Users\m_kaji\.m2\repository\org\osgi\org.osgi.core\6.0.0\org.osgi.core-6.0.0.jar;C:\Users\m_kaji\.m2\repository\org\osgi\org.osgi.service.component.annotations\1.3.0\org.osgi.service.component.annotations-1.3.0.jar;"/>
    <property name="java.vm.vendor" value="Oracle Corporation"/>
    <property name="sun.arch.data.model" value="64"/>
    <property name="user.variant" value=""/>
    <property name="java.vendor.url" value="http://java.oracle.com/"/>
    <property name="user.timezone" value="Asia/Tehran"/>
    <property name="java.vm.specification.version" value="1.8"/>
    <property name="os.name" value="Windows 8.1"/>
    <property name="user.country" value="US"/>
    <property name="sun.java.launcher" value="SUN_STANDARD"/>
    <property name="sun.boot.library.path" value="C:\Program Files\Java\jdk1.8.0\jre\bin"/>
    <property name="sun.java.command" value="C:\Users\m_kaji\AppData\Local\Temp\surefire3371320255431566008\surefirebooter461688098296890087.jar C:\Users\m_kaji\AppData\Local\Temp\surefire3371320255431566008 2018-12-19T21-19-51_817-jvmRun1 surefire4074800291553941009tmp surefire_06981058188957034063tmp"/>
    <property name="surefire.test.class.path" value="K:\code\java\sdk\trunk\target\test-classes;K:\code\java\sdk\trunk\target\classes;C:\Users\m_kaji\.m2\repository\org\jbpm\jbpm-human-task-jpa\7.2.0.Final\jbpm-human-task-jpa-7.2.0.Final.jar;C:\Users\m_kaji\.m2\repository\org\drools\drools-persistence-api\7.2.0.Final\drools-persistence-api-7.2.0.Final.jar;C:\Users\m_kaji\.m2\repository\org\drools\drools-compiler\7.2.0.Final\drools-compiler-7.2.0.Final.jar;C:\Users\m_kaji\.m2\repository\org\antlr\antlr-runtime\3.5.2\antlr-runtime-3.5.2.jar;C:\Users\m_kaji\.m2\repository\org\eclipse\jdt\core\compiler\ecj\4.4.2\ecj-4.4.2.jar;C:\Users\m_kaji\.m2\repository\com\google\protobuf\protobuf-java\2.6.0\protobuf-java-2.6.0.jar;C:\Users\m_kaji\.m2\repository\org\jboss\spec\javax\transaction\jboss-transaction-api_1.2_spec\1.0.0.Final\jboss-transaction-api_1.2_spec-1.0.0.Final.jar;C:\Users\m_kaji\.m2\repository\org\drools\drools-persistence-jpa\7.2.0.Final\drools-persistence-jpa-7.2.0.Final.jar;C:\Users\m_kaji\.m2\repository\org\drools\drools-core\7.2.0.Final\drools-core-7.2.0.Final.jar;C:\Users\m_kaji\.m2\repository\org\mvel\mvel2\2.3.0.Final\mvel2-2.3.0.Final.jar;C:\Users\m_kaji\.m2\repository\commons-codec\commons-codec\1.10\commons-codec-1.10.jar;C:\Users\m_kaji\.m2\repository\org\jbpm\jbpm-query-jpa\7.2.0.Final\jbpm-query-jpa-7.2.0.Final.jar;C:\Users\m_kaji\.m2\repository\com\fasterxml\jackson\core\jackson-annotations\2.6.2\jackson-annotations-2.6.2.jar;C:\Users\m_kaji\.m2\repository\com\fasterxml\jackson\core\jackson-core\2.6.2\jackson-core-2.6.2.jar;C:\Users\m_kaji\.m2\repository\com\fasterxml\jackson\core\jackson-databind\2.6.2\jackson-databind-2.6.2.jar;C:\Users\m_kaji\.m2\repository\org\hibernate\javax\persistence\hibernate-jpa-2.1-api\1.0.0.Final\hibernate-jpa-2.1-api-1.0.0.Final.jar;C:\Users\m_kaji\.m2\repository\org\kie\kie-api\7.2.0.Final\kie-api-7.2.0.Final.jar;C:\Users\m_kaji\.m2\repository\org\uberfire\uberfire-maven-support\1.2.0.Final\uberfire-maven-support-1.2.0.Final.jar;C:\Users\m_kaji\.m2\repository\org\kie\kie-internal\7.2.0.Final\kie-internal-7.2.0.Final.jar;C:\Users\m_kaji\.m2\repository\org\slf4j\slf4j-api\1.7.7\slf4j-api-1.7.7.jar;C:\Users\m_kaji\.m2\repository\org\codehaus\jackson\jackson-core-asl\1.9.13\jackson-core-asl-1.9.13.jar;C:\Users\m_kaji\.m2\repository\org\javassist\javassist\3.20.0-GA\javassist-3.20.0-GA.jar;C:\Users\m_kaji\.m2\repository\org\apache\commons\commons-lang3\3.8.1\commons-lang3-3.8.1.jar;C:\Users\m_kaji\.m2\repository\org\apache\felix\org.osgi.core\1.0.0\org.osgi.core-1.0.0.jar;C:\Users\m_kaji\.m2\repository\org\kie\server\kie-server-client\7.2.0.Final\kie-server-client-7.2.0.Final.jar;C:\Users\m_kaji\.m2\repository\org\optaplanner\optaplanner-core\7.2.0.Final\optaplanner-core-7.2.0.Final.jar;C:\Users\m_kaji\.m2\repository\org\apache\commons\commons-math3\3.4.1\commons-math3-3.4.1.jar;C:\Users\m_kaji\.m2\repository\com\google\guava\guava\20.0\guava-20.0.jar;C:\Users\m_kaji\.m2\repository\org\reflections\reflections\0.9.10\reflections-0.9.10.jar;C:\Users\m_kaji\.m2\repository\com\google\code\findbugs\annotations\2.0.1\annotations-2.0.1.jar;C:\Users\m_kaji\.m2\repository\com\thoughtworks\xstream\xstream\1.4.9\xstream-1.4.9.jar;C:\Users\m_kaji\.m2\repository\xmlpull\xmlpull\1.1.3.1\xmlpull-1.1.3.1.jar;C:\Users\m_kaji\.m2\repository\xpp3\xpp3_min\1.1.4c\xpp3_min-1.1.4c.jar;C:\Users\m_kaji\.m2\repository\org\kie\kie-dmn-api\7.2.0.Final\kie-dmn-api-7.2.0.Final.jar;C:\Users\m_kaji\.m2\repository\org\kie\kie-dmn-model\7.2.0.Final\kie-dmn-model-7.2.0.Final.jar;C:\Users\m_kaji\.m2\repository\org\kie\server\kie-server-api\7.2.0.Final\kie-server-api-7.2.0.Final.jar;C:\Users\m_kaji\.m2\repository\org\optaplanner\optaplanner-persistence-xstream\7.2.0.Final\optaplanner-persistence-xstream-7.2.0.Final.jar;C:\Users\m_kaji\.m2\repository\org\optaplanner\optaplanner-persistence-common\7.2.0.Final\optaplanner-persistence-common-7.2.0.Final.jar;C:\Users\m_kaji\.m2\repository\org\optaplanner\optaplanner-persistence-jaxb\7.2.0.Final\optaplanner-persistence-jaxb-7.2.0.Final.jar;C:\Users\m_kaji\.m2\repository\org\jboss\spec\javax\xml\bind\jboss-jaxb-api_2.2_spec\1.0.4.Final\jboss-jaxb-api_2.2_spec-1.0.4.Final.jar;C:\Users\m_kaji\.m2\repository\javax\activation\activation\1.1.1\activation-1.1.1.jar;C:\Users\m_kaji\.m2\repository\com\fasterxml\jackson\module\jackson-module-jaxb-annotations\2.6.2\jackson-module-jaxb-annotations-2.6.2.jar;C:\Users\m_kaji\.m2\repository\org\jboss\spec\javax\ws\rs\jboss-jaxrs-api_2.0_spec\1.0.0.Final\jboss-jaxrs-api_2.0_spec-1.0.0.Final.jar;C:\Users\m_kaji\.m2\repository\org\kie\server\kie-server-common\7.2.0.Final\kie-server-common-7.2.0.Final.jar;C:\Users\m_kaji\.m2\repository\org\codehaus\jackson\jackson-xc\1.9.13\jackson-xc-1.9.13.jar;C:\Users\m_kaji\.m2\repository\org\codehaus\jackson\jackson-mapper-asl\1.9.13\jackson-mapper-asl-1.9.13.jar;C:\Users\m_kaji\.m2\repository\org\jboss\spec\javax\jms\jboss-jms-api_2.0_spec\1.0.0.Final\jboss-jms-api_2.0_spec-1.0.0.Final.jar;C:\Users\m_kaji\.m2\repository\com\sun\xml\bind\jaxb-core\2.2.11\jaxb-core-2.2.11.jar;C:\Users\m_kaji\.m2\repository\com\sun\xml\bind\jaxb-impl\2.2.11\jaxb-impl-2.2.11.jar;C:\Users\m_kaji\.m2\repository\org\slf4j\jcl-over-slf4j\1.7.7\jcl-over-slf4j-1.7.7.jar;C:\Users\m_kaji\.m2\repository\com\google\code\gson\gson\2.6.2\gson-2.6.2.jar;C:\Users\m_kaji\.m2\repository\org\osgi\org.osgi.core\6.0.0\org.osgi.core-6.0.0.jar;C:\Users\m_kaji\.m2\repository\org\osgi\org.osgi.service.component.annotations\1.3.0\org.osgi.service.component.annotations-1.3.0.jar;"/>
    <property name="sun.cpu.endian" value="little"/>
    <property name="user.home" value="C:\Users\m_kaji"/>
    <property name="user.language" value="en"/>
    <property name="java.specification.vendor" value="Oracle Corporation"/>
    <property name="java.home" value="C:\Program Files\Java\jdk1.8.0\jre"/>
    <property name="basedir" value="K:\code\java\sdk\trunk"/>
    <property name="file.separator" value="\"/>
    <property name="line.separator" value="&#10;"/>
    <property name="java.vm.specification.vendor" value="Oracle Corporation"/>
    <property name="java.specification.name" value="Java Platform API Specification"/>
    <property name="java.awt.graphicsenv" value="sun.awt.Win32GraphicsEnvironment"/>
    <property name="surefire.real.class.path" value="C:\Users\m_kaji\AppData\Local\Temp\surefire3371320255431566008\surefirebooter461688098296890087.jar"/>
    <property name="sun.boot.class.path" value="C:\Program Files\Java\jdk1.8.0\jre\lib\resources.jar;C:\Program Files\Java\jdk1.8.0\jre\lib\rt.jar;C:\Program Files\Java\jdk1.8.0\jre\lib\sunrsasign.jar;C:\Program Files\Java\jdk1.8.0\jre\lib\jsse.jar;C:\Program Files\Java\jdk1.8.0\jre\lib\jce.jar;C:\Program Files\Java\jdk1.8.0\jre\lib\charsets.jar;C:\Program Files\Java\jdk1.8.0\jre\lib\jfr.jar;C:\Program Files\Java\jdk1.8.0\jre\classes"/>
    <property name="user.script" value=""/>
    <property name="sun.management.compiler" value="HotSpot 64-Bit Tiered Compilers"/>
    <property name="java.runtime.version" value="1.8.0-b132"/>
    <property name="user.name" value="m_kaji"/>
    <property name="path.separator" value=";"/>
    <property name="os.version" value="6.3"/>
    <property name="java.endorsed.dirs" value="C:\Program Files\Java\jdk1.8.0\jre\lib\endorsed"/>
    <property name="java.runtime.name" value="Java(TM) SE Runtime Environment"/>
    <property name="file.encoding" value="Cp1252"/>
    <property name="java.vm.name" value="Java HotSpot(TM) 64-Bit Server VM"/>
    <property name="localRepository" value="C:\Users\m_kaji\.m2\repository"/>
    <property name="java.vendor.url.bug" value="http://bugreport.sun.com/bugreport/"/>
    <property name="java.io.tmpdir" value="C:\Users\m_kaji\AppData\Local\Temp\"/>
    <property name="idea.version" value="2017.1.4"/>
    <property name="java.version" value="1.8.0"/>
    <property name="user.dir" value="K:\code\java\sdk\trunk"/>
    <property name="os.arch" value="amd64"/>
    <property name="java.vm.specification.name" value="Java Virtual Machine Specification"/>
    <property name="java.awt.printerjob" value="sun.awt.windows.WPrinterJob"/>
    <property name="sun.os.patch.level" value=""/>
    <property name="java.library.path" value="C:\Program Files\Java\jdk1.8.0\jre\bin;C:\Windows\Sun\Java\bin;C:\Windows\system32;C:\Windows;C:\Windows\system32;C:\Windows;C:\Windows\System32\Wbem;C:\Windows\System32\WindowsPowerShell\v1.0\;C:\Windows\System32\OpenSSH\;C:\Program Files (x86)\MySQL\MySQL Fabric 1.5 &amp; MySQL Utilities 1.5\;C:\Program Files (x86)\MySQL\MySQL Fabric 1.5 &amp; MySQL Utilities 1.5\Doctrine extensions for PHP\;C:\Program Files\Git\cmd;C:\Users\m_kaji\AppData\Local\Microsoft\WindowsApps;C:\Program Files\Java\jdk1.8.0\bin;C:\Program Files\MySQL\MySQL Server 5.7\bin;S:\apache-maven-3.3.9\bin;;."/>
    <property name="java.vm.info" value="mixed mode"/>
    <property name="java.vendor" value="Oracle Corporation"/>
    <property name="java.vm.version" value="25.0-b70"/>
    <property name="java.ext.dirs" value="C:\Program Files\Java\jdk1.8.0\jre\lib\ext;C:\Windows\Sun\Java\lib\ext"/>
    <property name="sun.io.unicode.encoding" value="UnicodeLittle"/>
    <property name="java.class.version" value="52.0"/>
  </properties>
</testsuite>